<?xml version="1.0" encoding="UTF-8"?>
<!-- Generated by org.testng.reporters.JUnitReportReporter -->
<testsuite hostname="Krishavs-MacBook-Air.local" failures="0" tests="2" name="testcases.Login" time="8.361" errors="0" timestamp="2025-05-02T18:00:54 IST" skipped="0">
  <testcase classname="testcases.Login" name="verifyLoginWithValidCredential" time="3.176"/>
  <testcase classname="testcases.Login" name="verifyLoginWithInvalidCredential" time="5.185"/>
</testsuite> <!-- testcases.Login -->
