<?xml version="1.0" encoding="UTF-8"?>
<!-- Generated by org.testng.reporters.JUnitReportReporter -->
<testsuite hostname="Krishavs-MacBook-Air.local" failures="0" tests="3" name="com.hybridframework.testcases.Login" time="13.260" errors="0" timestamp="2025-05-04T20:21:48 IST" skipped="0">
  <testcase classname="com.hybridframework.testcases.Login" name="verifyLoginWithValidCredential" time="3.780"/>
  <testcase classname="com.hybridframework.testcases.Login" name="verifyLoginWithValidCredential" time="5.885"/>
  <testcase classname="com.hybridframework.testcases.Login" name="verifyLoginWithValidCredential" time="3.595"/>
</testsuite> <!-- com.hybridframework.testcases.Login -->
